<?xml version="1.0" encoding="UTF-8"?>
<testsuite name="spring.likelionpractice.LikelionpracticeApplicationTests" tests="1" skipped="0" failures="0" errors="0" timestamp="2024-08-06T12:12:54" hostname="192.168.nate.com" time="0.258">
  <properties/>
  <testcase name="contextLoads()" classname="spring.likelionpractice.LikelionpracticeApplicationTests" time="0.258"/>
  <system-out><![CDATA[21:12:52.785 [Test worker] INFO org.springframework.test.context.support.AnnotationConfigContextLoaderUtils -- Could not detect default configuration classes for test class [spring.likelionpractice.LikelionpracticeApplicationTests]: LikelionpracticeApplicationTests does not declare any static, non-private, non-final, nested classes annotated with @Configuration.
21:12:52.825 [Test worker] INFO org.springframework.boot.test.context.SpringBootTestContextBootstrapper -- Found @SpringBootConfiguration spring.likelionpractice.LikelionpracticeApplication for test class spring.likelionpractice.LikelionpracticeApplicationTests

  .   ____          _            __ _ _
 /\\ / ___'_ __ _ _(_)_ __  __ _ \ \ \ \
( ( )\___ | '_ | '_| | '_ \/ _` | \ \ \ \
 \\/  ___)| |_)| | | | | || (_| |  ) ) ) )
  '  |____| .__|_| |_|_| |_\__, | / / / /
 =========|_|==============|___/=/_/_/_/
 :: Spring Boot ::                (v3.2.2)

2024-08-06T21:12:52.972+09:00  INFO 6702 --- [    Test worker] s.l.LikelionpracticeApplicationTests     : Starting LikelionpracticeApplicationTests using Java 17.0.12 with PID 6702 (started by sungyoon in /Users/sungyoon/Desktop/hackathon)
2024-08-06T21:12:52.973+09:00  INFO 6702 --- [    Test worker] s.l.LikelionpracticeApplicationTests     : No active profile set, falling back to 1 default profile: "default"
2024-08-06T21:12:53.264+09:00  INFO 6702 --- [    Test worker] .s.d.r.c.RepositoryConfigurationDelegate : Bootstrapping Spring Data JPA repositories in DEFAULT mode.
2024-08-06T21:12:53.272+09:00  INFO 6702 --- [    Test worker] .s.d.r.c.RepositoryConfigurationDelegate : Finished Spring Data repository scanning in 6 ms. Found 0 JPA repository interfaces.
2024-08-06T21:12:53.455+09:00  INFO 6702 --- [    Test worker] o.hibernate.jpa.internal.util.LogHelper  : HHH000204: Processing PersistenceUnitInfo [name: default]
2024-08-06T21:12:53.471+09:00  INFO 6702 --- [    Test worker] org.hibernate.Version                    : HHH000412: Hibernate ORM core version 6.4.1.Final
2024-08-06T21:12:53.482+09:00  INFO 6702 --- [    Test worker] o.h.c.internal.RegionFactoryInitiator    : HHH000026: Second-level cache disabled
2024-08-06T21:12:53.557+09:00  INFO 6702 --- [    Test worker] o.s.o.j.p.SpringPersistenceUnitInfo      : No LoadTimeWeaver setup: ignoring JPA class transformer
2024-08-06T21:12:53.566+09:00  INFO 6702 --- [    Test worker] com.zaxxer.hikari.HikariDataSource       : HikariPool-1 - Starting...
2024-08-06T21:12:53.654+09:00  INFO 6702 --- [    Test worker] com.zaxxer.hikari.pool.HikariPool        : HikariPool-1 - Added connection com.mysql.cj.jdbc.ConnectionImpl@e49437
2024-08-06T21:12:53.655+09:00  INFO 6702 --- [    Test worker] com.zaxxer.hikari.HikariDataSource       : HikariPool-1 - Start completed.
2024-08-06T21:12:54.028+09:00  INFO 6702 --- [    Test worker] o.h.e.t.j.p.i.JtaPlatformInitiator       : HHH000489: No JTA platform available (set 'hibernate.transaction.jta.platform' to enable JTA platform integration)
2024-08-06T21:12:54.086+09:00  INFO 6702 --- [    Test worker] j.LocalContainerEntityManagerFactoryBean : Initialized JPA EntityManagerFactory for persistence unit 'default'
2024-08-06T21:12:54.238+09:00  WARN 6702 --- [    Test worker] JpaBaseConfiguration$JpaWebConfiguration : spring.jpa.open-in-view is enabled by default. Therefore, database queries may be performed during view rendering. Explicitly configure spring.jpa.open-in-view to disable this warning
2024-08-06T21:12:54.430+09:00  INFO 6702 --- [    Test worker] s.l.LikelionpracticeApplicationTests     : Started LikelionpracticeApplicationTests in 1.553 seconds (process running for 1.993)
]]></system-out>
  <system-err><![CDATA[]]></system-err>
</testsuite>
